<?xml version="1.0" encoding="UTF-8"?><testsuite errors="0" failures="1" name="Academy choucair" skipped="0" tests="1" time="22.96" timestamp="2021-06-26 12:47:58"><testcase name="Search for a automation course"><failure message="Expected enabled element was not enabled" type="net.thucydides.core.webdriver.exceptions.ElementShouldBeEnabledException">Expected enabled element was not enabled</failure><system-err>Expected enabled element was not enabled&#13;
co.com.Choucair.PruebaJohn.tasks.Login.performAs(Login.java:18)&#13;
co.com.Choucair.PruebaJohn.stepdefinitions.AcademyChoucairStepDefinitions.thanBrandonWantsToLearnAutomationAtTheAcademyChoucair(AcademyChoucairStepDefinitions.java:21)&#13;
cucumber.runner.Runner.runPickle(Runner.java:80)&#13;
</system-err></testcase></testsuite>