<?xml version="1.0" encoding="UTF-8"?><testsuite errors="1" failures="0" name="Ingresar a la pagina Utest.com, diligenciar el formulario y crear un nuevo usuario" skipped="0" tests="1" time="28.49" timestamp="2021-06-29 11:11:57"><testcase name="Buscar la pagina para la automatizacion"><error message="Arity mismatch: Step Definition 'co.com.Choucair.PruebaJohn.stepdefinitions.CreacionUsuarioStepDefinitions.seCreaElNuevoUsuarioSatisfactoriamente(String) in file:/C:/Users/johnmario/IdeaProjects/PruebaJohn/build/classes/java/test/' with pattern [^Se crea el nuevo usuario satisfactoriamente$] is declared with 1 parameters. However, the gherkin step has 0 arguments []. &#10;Step text: Se crea el nuevo usuario satisfactoriamente" type="cucumber.runtime.CucumberException">Arity mismatch: Step Definition 'co.com.Choucair.PruebaJohn.stepdefinitions.CreacionUsuarioStepDefinitions.seCreaElNuevoUsuarioSatisfactoriamente(String) in file:/C:/Users/johnmario/IdeaProjects/PruebaJohn/build/classes/java/test/' with pattern [^Se crea el nuevo usuario satisfactoriamente$] is declared with 1 parameters. However, the gherkin step has 0 arguments []. 
Step text: Se crea el nuevo usuario satisfactoriamente</error><system-err>Arity mismatch: Step Definition 'co.com.Choucair.PruebaJohn.stepdefinitions.CreacionUsuarioStepDefinitions.seCreaElNuevoUsuarioSatisfactoriamente(String) in file:/C:/Users/johnmario/IdeaProjects/PruebaJohn/build/classes/java/test/' with pattern [^Se crea el nuevo usuario satisfactoriamente$] is declared with 1 parameters. However, the gherkin step has 0 arguments []. 
Step text: Se crea el nuevo usuario satisfactoriamente&#13;
cucumber.runner.Runner.runPickle(Runner.java:80)&#13;
</system-err></testcase></testsuite>